#
# There is insufficient memory for the Java Runtime Environment to continue.
# Native memory allocation (malloc) failed to allocate 480104 bytes for AllocateHeap
# Possible reasons:
#   The system is out of physical RAM or swap space
#   In 32 bit mode, the process size limit was hit
# Possible solutions:
#   Reduce memory load on the system
#   Increase physical memory or swap space
#   Check if swap backing store is full
#   Use 64 bit Java on a 64 bit OS
#   Decrease Java heap size (-Xmx/-Xms)
#   Decrease number of Java threads
#   Decrease Java thread stack sizes (-Xss)
#   Set larger code cache with -XX:ReservedCodeCacheSize=
# This output file may be truncated or incomplete.
#
#  Out of Memory Error (memory/allocation.inline.hpp:61), pid=21936, tid=0x0000000000004658
#
# JRE version:  (8.0_181-b13) (build )
# Java VM: Java HotSpot(TM) 64-Bit Server VM (25.181-b13 mixed mode windows-amd64 compressed oops)
# Failed to write core dump. Minidumps are not enabled by default on client versions of Windows
#

---------------  T H R E A D  ---------------

Current thread (0x0000000002b43800):  JavaThread "Unknown thread" [_thread_in_vm, id=18008, stack(0x0000000002940000,0x0000000002a40000)]

Stack: [0x0000000002940000,0x0000000002a40000]
[error occurred during error reporting (printing stack bounds), id 0xc0000005]

Native frames: (J=compiled Java code, j=interpreted, Vv=VM code, C=native code)


---------------  P R O C E S S  ---------------

Java Threads: ( => current thread )

Other Threads:

=>0x0000000002b43800 (exited) JavaThread "Unknown thread" [_thread_in_vm, id=18008, stack(0x0000000002940000,0x0000000002a40000)]

VM state:not at safepoint (not fully initialized)

VM Mutex/Monitor currently owned by a thread: None

GC Heap History (0 events):
No events

Deoptimization events (0 events):
No events

Classes redefined (0 events):
No events

Internal exceptions (0 events):
No events

Events (0 events):
No events


Dynamic libraries:
0x00007ff74e910000 - 0x00007ff74e947000 	D:\soft\jre\bin\javaw.exe
0x00007ffc09960000 - 0x00007ffc09b41000 	C:\WINDOWS\SYSTEM32\ntdll.dll
0x00007ffc07cb0000 - 0x00007ffc07d62000 	C:\WINDOWS\System32\KERNEL32.DLL
0x00007ffc06010000 - 0x00007ffc06283000 	C:\WINDOWS\System32\KERNELBASE.dll
0x00007ffc080c0000 - 0x00007ffc08161000 	C:\WINDOWS\System32\ADVAPI32.dll
0x00007ffc07110000 - 0x00007ffc071ae000 	C:\WINDOWS\System32\msvcrt.dll
0x00007ffc074d0000 - 0x00007ffc0752b000 	C:\WINDOWS\System32\sechost.dll
0x00007ffc07dd0000 - 0x00007ffc07ef4000 	C:\WINDOWS\System32\RPCRT4.dll
0x00007ffc06df0000 - 0x00007ffc06f80000 	C:\WINDOWS\System32\USER32.dll
0x00007ffc06b80000 - 0x00007ffc06ba0000 	C:\WINDOWS\System32\win32u.dll
0x00007ffc08030000 - 0x00007ffc08058000 	C:\WINDOWS\System32\GDI32.dll
0x00007ffc06ba0000 - 0x00007ffc06d32000 	C:\WINDOWS\System32\gdi32full.dll
0x00007ffc05f70000 - 0x00007ffc0600f000 	C:\WINDOWS\System32\msvcp_win.dll
0x00007ffc06290000 - 0x00007ffc0638a000 	C:\WINDOWS\System32\ucrtbase.dll
0x00007ffbf94c0000 - 0x00007ffbf9729000 	C:\WINDOWS\WinSxS\amd64_microsoft.windows.common-controls_6595b64144ccf1df_6.0.17134.345_none_fb429a5930656358\COMCTL32.dll
0x00007ffc07530000 - 0x00007ffc07853000 	C:\WINDOWS\System32\combase.dll
0x00007ffc06b00000 - 0x00007ffc06b7a000 	C:\WINDOWS\System32\bcryptPrimitives.dll
0x00007ffc08000000 - 0x00007ffc0802d000 	C:\WINDOWS\System32\IMM32.DLL
0x000000005c310000 - 0x000000005c3e2000 	D:\soft\jre\bin\msvcr100.dll
0x000000005c3f0000 - 0x000000005cc92000 	D:\soft\jre\bin\server\jvm.dll
0x00007ffc07ff0000 - 0x00007ffc07ff8000 	C:\WINDOWS\System32\PSAPI.DLL
0x00007ffc00de0000 - 0x00007ffc00de9000 	C:\WINDOWS\SYSTEM32\WSOCK32.dll
0x00007ffc09770000 - 0x00007ffc097dc000 	C:\WINDOWS\System32\WS2_32.dll
0x00007ffc01b30000 - 0x00007ffc01b53000 	C:\WINDOWS\SYSTEM32\WINMM.dll
0x00007ffbfc5e0000 - 0x00007ffbfc5ea000 	C:\WINDOWS\SYSTEM32\VERSION.dll
0x00007ffc01b00000 - 0x00007ffc01b2a000 	C:\WINDOWS\SYSTEM32\WINMMBASE.dll
0x00007ffc05f20000 - 0x00007ffc05f69000 	C:\WINDOWS\System32\cfgmgr32.dll
0x000000005e020000 - 0x000000005e02f000 	D:\soft\jre\bin\verify.dll
0x000000005dff0000 - 0x000000005e019000 	D:\soft\jre\bin\java.dll
0x000000005dfd0000 - 0x000000005dfe6000 	D:\soft\jre\bin\zip.dll

VM Arguments:
jvm_args: -Dfile.encoding=UTF-8 
java_command: com.myblog.test.Test
java_class_path (initial): D:\eclipse-workspace\myblog\build\classes;D:\soft\apache-tomcat-8.5.34\lib\annotations-api.jar;D:\soft\apache-tomcat-8.5.34\lib\catalina-ant.jar;D:\soft\apache-tomcat-8.5.34\lib\catalina-ha.jar;D:\soft\apache-tomcat-8.5.34\lib\catalina-storeconfig.jar;D:\soft\apache-tomcat-8.5.34\lib\catalina-tribes.jar;D:\soft\apache-tomcat-8.5.34\lib\catalina.jar;D:\soft\apache-tomcat-8.5.34\lib\ecj-4.6.3.jar;D:\soft\apache-tomcat-8.5.34\lib\el-api.jar;D:\soft\apache-tomcat-8.5.34\lib\jasper-el.jar;D:\soft\apache-tomcat-8.5.34\lib\jasper.jar;D:\soft\apache-tomcat-8.5.34\lib\jaspic-api.jar;D:\soft\apache-tomcat-8.5.34\lib\jsp-api.jar;D:\soft\apache-tomcat-8.5.34\lib\servlet-api.jar;D:\soft\apache-tomcat-8.5.34\lib\tomcat-api.jar;D:\soft\apache-tomcat-8.5.34\lib\tomcat-coyote.jar;D:\soft\apache-tomcat-8.5.34\lib\tomcat-dbcp.jar;D:\soft\apache-tomcat-8.5.34\lib\tomcat-i18n-es.jar;D:\soft\apache-tomcat-8.5.34\lib\tomcat-i18n-fr.jar;D:\soft\apache-tomcat-8.5.34\lib\tomcat-i18n-ja.jar;D:\soft\apache-tomcat-8.5.34\lib\tomcat-i18n-ru.jar;D:\soft\apache-tomcat-8.5.34\lib\tomcat-jdbc.jar;D:\soft\apache-tomcat-8.5.34\lib\tomcat-jni.jar;D:\soft\apache-tomcat-8.5.34\lib\tomcat-util-scan.jar;D:\soft\apache-tomcat-8.5.34\lib\tomcat-util.jar;D:\soft\apache-tomcat-8.5.34\lib\tomcat-websocket.jar;D:\soft\apache-tomcat-8.5.34\lib\websocket-api.jar;D:\eclipse-workspace\myblog\WebContent\WEB-INF\lib\antlr-2.7.7.jar;D:\eclipse-workspace\myblog\WebContent\WEB-INF\lib\byte-buddy-1.8.17.jar;D:\eclipse-workspace\myblog\WebContent\WEB-INF\lib\classmate-1.3.4.jar;D:\eclipse-workspace\myblog\WebContent\WEB-INF\lib\commons-beanutils-1.8.0.jar;D:\eclipse-workspace\myblog\WebContent\WEB-INF\lib\commons-collections-3.1.jar;D:\eclipse-workspace\myblog\WebContent\WEB-INF\lib\commons-fileupload-1.3.jar;D:\eclipse-workspace\myblog\WebContent\WEB-INF\lib\commons-httpclient.jar;D:\eclipse-workspace\myblog\WebContent\WEB-INF\lib\commons-io-1.2.jar;D:\eclipse-workspace\myblog\WebContent\WEB-I
Launcher Type: SUN_STANDARD

Environment Variables:
JAVA_HOME=D:\soft\Java\jdk1.8.0_181
PATH=D:/soft/jre/bin/server;D:/soft/jre/bin;D:/soft/jre/lib/amd64;C:\Program Files (x86)\Common Files\Oracle\Java\javapath;C:\WINDOWS\system32;C:\WINDOWS;C:\WINDOWS\System32\Wbem;C:\WINDOWS\System32\WindowsPowerShell\v1.0\;D:\instantclient-basic-windows.x64-12.2.0.1.0\instantclient_12_2;D:\soft\Java\jdk1.8.0_181\bin;D:\soft\mysql-8.0.12-winx64\bin;%M2_HOME%\bin;C:\WINDOWS\System32\OpenSSH\;D:\soft\apache-tomcat-8.5.34\bin;D:\soft\Git\cmd;D:\Python\Python37\Scripts\;D:\Python\Python37\;C:\Users\13084\AppData\Local\Microsoft\WindowsApps;D:\soft\eclipse;
USERNAME=13084
OS=Windows_NT
PROCESSOR_IDENTIFIER=Intel64 Family 6 Model 78 Stepping 3, GenuineIntel



---------------  S Y S T E M  ---------------

OS: Windows 10.0 , 64 bit Build 17134 (10.0.17134.1)

CPU:total 4 (initial active 4) (2 cores per cpu, 2 threads per core) family 6 model 78 stepping 3, cmov, cx8, fxsr, mmx, sse, sse2, sse3, ssse3, sse4.1, sse4.2, popcnt, avx, avx2, aes, clmul, erms, 3dnowpref, lzcnt, ht, tsc, tscinvbit, bmi1, bmi2, adx

Memory: 4k page, physical 12483584k(4803376k free), swap 20241592k(5164k free)

vm_info: Java HotSpot(TM) 64-Bit Server VM (25.181-b13) for windows-amd64 JRE (1.8.0_181-b13), built on Jul  7 2018 04:01:33 by "java_re" with MS VC++ 10.0 (VS2010)

time: Fri Nov 02 15:30:04 2018
elapsed time: 0 seconds (0d 0h 0m 0s)

